<?xml version="1.0" encoding="UTF-8"?>
<testng-results skipped="0" failed="2" ignored="0" total="4" passed="2">
  <reporter-output>
  </reporter-output>
  <suite name="Suite" duration-ms="88587" started-at="2023-11-30T16:30:08 IST" finished-at="2023-11-30T16:31:37 IST">
    <groups>
    </groups>
    <test name="Chrome testing" duration-ms="33991" started-at="2023-11-30T16:30:08 IST" finished-at="2023-11-30T16:30:42 IST">
      <class name="kubedemo.Googlepage">
        <test-method status="PASS" signature="opendriver(java.lang.String)[pri:0, instance:kubedemo.Googlepage@436e852b]" name="opendriver" is-config="true" duration-ms="12158" started-at="2023-11-30T16:30:08 IST" finished-at="2023-11-30T16:30:20 IST">
          <params>
            <param index="0">
              <value>
                <![CDATA[Chrome]]>
              </value>
            </param>
          </params>
          <reporter-output>
          </reporter-output>
        </test-method> <!-- opendriver -->
        <test-method status="PASS" signature="verifygooglepage()[pri:1, instance:kubedemo.Googlepage@436e852b]" name="verifygooglepage" duration-ms="11576" started-at="2023-11-30T16:30:21 IST" finished-at="2023-11-30T16:30:32 IST">
          <reporter-output>
          </reporter-output>
        </test-method> <!-- verifygooglepage -->
        <test-method status="FAIL" signature="verifyfacebookpage()[pri:2, instance:kubedemo.Googlepage@436e852b]" name="verifyfacebookpage" duration-ms="10182" started-at="2023-11-30T16:30:32 IST" depends-on-methods="kubedemo.Googlepage.verifygooglepage" finished-at="2023-11-30T16:30:42 IST">
          <exception class="java.lang.AssertionError">
            <message>
              <![CDATA[expected:<Facebook – log in or sign up> but was:<Facebook - log in or sign up>]]>
            </message>
            <full-stacktrace>
              <![CDATA[java.lang.AssertionError: expected:<Facebook – log in or sign up> but was:<Facebook - log in or sign up>
at org.testng.AssertJUnit.assertEquals(AssertJUnit.java:115)
at org.testng.AssertJUnit.assertEquals(AssertJUnit.java:125)
at kubedemo.Googlepage.verifyfacebookpage(Googlepage.java:23)
at sun.reflect.NativeMethodAccessorImpl.invoke0(Native Method)
at sun.reflect.NativeMethodAccessorImpl.invoke(NativeMethodAccessorImpl.java:62)
at sun.reflect.DelegatingMethodAccessorImpl.invoke(DelegatingMethodAccessorImpl.java:43)
at java.lang.reflect.Method.invoke(Method.java:498)
at org.testng.internal.MethodInvocationHelper.invokeMethod(MethodInvocationHelper.java:133)
at org.testng.internal.TestInvoker.invokeMethod(TestInvoker.java:598)
at org.testng.internal.TestInvoker.invokeTestMethod(TestInvoker.java:173)
at org.testng.internal.MethodRunner.runInSequence(MethodRunner.java:46)
at org.testng.internal.TestInvoker$MethodInvocationAgent.invoke(TestInvoker.java:824)
at org.testng.internal.TestInvoker.invokeTestMethods(TestInvoker.java:146)
at org.testng.internal.TestMethodWorker.invokeTestMethods(TestMethodWorker.java:146)
at org.testng.internal.TestMethodWorker.run(TestMethodWorker.java:128)
at java.util.ArrayList.forEach(ArrayList.java:1259)
at org.testng.TestRunner.privateRun(TestRunner.java:794)
at org.testng.TestRunner.run(TestRunner.java:596)
at org.testng.SuiteRunner.runTest(SuiteRunner.java:377)
at org.testng.SuiteRunner.runSequentially(SuiteRunner.java:371)
at org.testng.SuiteRunner.privateRun(SuiteRunner.java:332)
at org.testng.SuiteRunner.run(SuiteRunner.java:276)
at org.testng.SuiteRunnerWorker.runSuite(SuiteRunnerWorker.java:53)
at org.testng.SuiteRunnerWorker.run(SuiteRunnerWorker.java:96)
at org.testng.TestNG.runSuitesSequentially(TestNG.java:1212)
at org.testng.TestNG.runSuitesLocally(TestNG.java:1134)
at org.testng.TestNG.runSuites(TestNG.java:1063)
at org.testng.TestNG.run(TestNG.java:1031)
at org.testng.remote.AbstractRemoteTestNG.run(AbstractRemoteTestNG.java:115)
at org.testng.remote.RemoteTestNG.initAndRun(RemoteTestNG.java:251)
at org.testng.remote.RemoteTestNG.main(RemoteTestNG.java:77)
]]>
            </full-stacktrace>
          </exception> <!-- java.lang.AssertionError -->
          <reporter-output>
          </reporter-output>
        </test-method> <!-- verifyfacebookpage -->
      </class> <!-- kubedemo.Googlepage -->
    </test> <!-- Chrome testing -->
    <test name="FireFox testing" duration-ms="49550" started-at="2023-11-30T16:30:47 IST" finished-at="2023-11-30T16:31:37 IST">
      <class name="kubedemo.Googlepage">
        <test-method status="PASS" signature="opendriver(java.lang.String)[pri:0, instance:kubedemo.Googlepage@3aeaafa6]" name="opendriver" is-config="true" duration-ms="22174" started-at="2023-11-30T16:30:47 IST" finished-at="2023-11-30T16:31:09 IST">
          <params>
            <param index="0">
              <value>
                <![CDATA[Firefox]]>
              </value>
            </param>
          </params>
          <reporter-output>
          </reporter-output>
        </test-method> <!-- opendriver -->
        <test-method status="PASS" signature="verifygooglepage()[pri:1, instance:kubedemo.Googlepage@3aeaafa6]" name="verifygooglepage" duration-ms="12766" started-at="2023-11-30T16:31:09 IST" finished-at="2023-11-30T16:31:22 IST">
          <reporter-output>
          </reporter-output>
        </test-method> <!-- verifygooglepage -->
        <test-method status="FAIL" signature="verifyfacebookpage()[pri:2, instance:kubedemo.Googlepage@3aeaafa6]" name="verifyfacebookpage" duration-ms="14601" started-at="2023-11-30T16:31:22 IST" depends-on-methods="kubedemo.Googlepage.verifygooglepage" finished-at="2023-11-30T16:31:37 IST">
          <exception class="java.lang.AssertionError">
            <message>
              <![CDATA[expected:<Facebook – log in or sign up> but was:<Facebook - log in or sign up>]]>
            </message>
            <full-stacktrace>
              <![CDATA[java.lang.AssertionError: expected:<Facebook – log in or sign up> but was:<Facebook - log in or sign up>
at org.testng.AssertJUnit.assertEquals(AssertJUnit.java:115)
at org.testng.AssertJUnit.assertEquals(AssertJUnit.java:125)
at kubedemo.Googlepage.verifyfacebookpage(Googlepage.java:23)
at sun.reflect.NativeMethodAccessorImpl.invoke0(Native Method)
at sun.reflect.NativeMethodAccessorImpl.invoke(NativeMethodAccessorImpl.java:62)
at sun.reflect.DelegatingMethodAccessorImpl.invoke(DelegatingMethodAccessorImpl.java:43)
at java.lang.reflect.Method.invoke(Method.java:498)
at org.testng.internal.MethodInvocationHelper.invokeMethod(MethodInvocationHelper.java:133)
at org.testng.internal.TestInvoker.invokeMethod(TestInvoker.java:598)
at org.testng.internal.TestInvoker.invokeTestMethod(TestInvoker.java:173)
at org.testng.internal.MethodRunner.runInSequence(MethodRunner.java:46)
at org.testng.internal.TestInvoker$MethodInvocationAgent.invoke(TestInvoker.java:824)
at org.testng.internal.TestInvoker.invokeTestMethods(TestInvoker.java:146)
at org.testng.internal.TestMethodWorker.invokeTestMethods(TestMethodWorker.java:146)
at org.testng.internal.TestMethodWorker.run(TestMethodWorker.java:128)
at java.util.ArrayList.forEach(ArrayList.java:1259)
at org.testng.TestRunner.privateRun(TestRunner.java:794)
at org.testng.TestRunner.run(TestRunner.java:596)
at org.testng.SuiteRunner.runTest(SuiteRunner.java:377)
at org.testng.SuiteRunner.runSequentially(SuiteRunner.java:371)
at org.testng.SuiteRunner.privateRun(SuiteRunner.java:332)
at org.testng.SuiteRunner.run(SuiteRunner.java:276)
at org.testng.SuiteRunnerWorker.runSuite(SuiteRunnerWorker.java:53)
at org.testng.SuiteRunnerWorker.run(SuiteRunnerWorker.java:96)
at org.testng.TestNG.runSuitesSequentially(TestNG.java:1212)
at org.testng.TestNG.runSuitesLocally(TestNG.java:1134)
at org.testng.TestNG.runSuites(TestNG.java:1063)
at org.testng.TestNG.run(TestNG.java:1031)
at org.testng.remote.AbstractRemoteTestNG.run(AbstractRemoteTestNG.java:115)
at org.testng.remote.RemoteTestNG.initAndRun(RemoteTestNG.java:251)
at org.testng.remote.RemoteTestNG.main(RemoteTestNG.java:77)
]]>
            </full-stacktrace>
          </exception> <!-- java.lang.AssertionError -->
          <reporter-output>
          </reporter-output>
        </test-method> <!-- verifyfacebookpage -->
      </class> <!-- kubedemo.Googlepage -->
    </test> <!-- FireFox testing -->
  </suite> <!-- Suite -->
</testng-results>
